# JRE version: OpenJDK Runtime Environment Temurin-21.0.10+7 (21.0.10+7) (build 21.0.10+7-LTS)
# Java VM: OpenJDK 64-Bit Server VM Temurin-21.0.10+7 (21.0.10+7-LTS, mixed mode, sharing, tiered, compressed oops, compressed class ptrs, g1 gc, windows-amd64)
GC Precious Log:
 CardTable entry size: 512
 Card Set container configuration: InlinePtr #cards 5 size 8 Array Of Cards #cards 12 size 40 Howl #buckets 4 coarsen threshold 1843 Howl Bitmap #cards 512 size 80 coarsen threshold 460 Card regions per heap region 1 cards per card region 2048
 CPUs: 2 total, 2 available
 Memory: 3927M
 Large Page Support: Disabled
 NUMA Support: Disabled
 Compressed Oops: Enabled (32-bit)
 Heap Region Size: 1M
 Heap Min Capacity: 256M
 Heap Initial Capacity: 256M
 Heap Max Capacity: 512M
 Pre-touch: Disabled
 Parallel Workers: 2
 Concurrent Workers: 1
 Concurrent Refinement Workers: 2
 Periodic GC: Disabled
Heap:
 garbage-first heap   total 262144K, used 140288K [0x00000000e0000000, 0x0000000100000000)
  region size 1024K, 46 young (47104K), 14 survivors (14336K)
 Metaspace       used 130722K, committed 132800K, reserved 458752K
  class space    used 16867K, committed 17920K, reserved 327680K
GC Heap History (20 events):
Event: 231.967 GC heap before
{Heap before GC invocations=56 (full 0):
 garbage-first heap   total 262144K, used 229980K [0x00000000e0000000, 0x0000000100000000)
  region size 1024K, 153 young (156672K), 9 survivors (9216K)
 Metaspace       used 50216K, committed 51584K, reserved 393216K
  class space    used 6824K, committed 7488K, reserved 327680K
}
Event: 231.994 GC heap after
{Heap after GC invocations=57 (full 0):
 garbage-first heap   total 262144K, used 84441K [0x00000000e0000000, 0x0000000100000000)
  region size 1024K, 10 young (10240K), 10 survivors (10240K)
 Metaspace       used 50216K, committed 51584K, reserved 393216K
  class space    used 6824K, committed 7488K, reserved 327680K
}
Event: 234.563 GC heap before
{Heap before GC invocations=57 (full 0):
 garbage-first heap   total 262144K, used 237017K [0x00000000e0000000, 0x0000000100000000)
  region size 1024K, 153 young (156672K), 10 survivors (10240K)
 Metaspace       used 50308K, committed 51584K, reserved 393216K
  class space    used 6838K, committed 7488K, reserved 327680K
}
Event: 234.575 GC heap after
{Heap after GC invocations=58 (full 0):
 garbage-first heap   total 262144K, used 69302K [0x00000000e0000000, 0x0000000100000000)
  region size 1024K, 2 young (2048K), 2 survivors (2048K)
 Metaspace       used 50308K, committed 51584K, reserved 393216K
  class space    used 6838K, committed 7488K, reserved 327680K
}
Event: 237.387 GC heap before
{Heap before GC invocations=58 (full 0):
 garbage-first heap   total 262144K, used 223926K [0x00000000e0000000, 0x0000000100000000)
  region size 1024K, 153 young (156672K), 2 survivors (2048K)
 Metaspace       used 50316K, committed 51648K, reserved 393216K
  class space    used 6838K, committed 7488K, reserved 327680K
}
Event: 237.398 GC heap after
{Heap after GC invocations=59 (full 0):
 garbage-first heap   total 262144K, used 69150K [0x00000000e0000000, 0x0000000100000000)
  region size 1024K, 2 young (2048K), 2 survivors (2048K)
 Metaspace       used 50316K, committed 51648K, reserved 393216K
  class space    used 6838K, committed 7488K, reserved 327680K
}
Event: 241.605 GC heap before
{Heap before GC invocations=59 (full 0):
 garbage-first heap   total 262144K, used 176670K [0x00000000e0000000, 0x0000000100000000)
  region size 1024K, 108 young (110592K), 2 survivors (2048K)
 Metaspace       used 58963K, committed 60288K, reserved 393216K
  class space    used 8417K, committed 9088K, reserved 327680K
}
Event: 241.622 GC heap after
{Heap after GC invocations=60 (full 0):
 garbage-first heap   total 262144K, used 70863K [0x00000000e0000000, 0x0000000100000000)
  region size 1024K, 3 young (3072K), 3 survivors (3072K)
 Metaspace       used 58963K, committed 60288K, reserved 393216K
  class space    used 8417K, committed 9088K, reserved 327680K
}
Event: 250.884 GC heap before
{Heap before GC invocations=61 (full 0):
 garbage-first heap   total 262144K, used 233679K [0x00000000e0000000, 0x0000000100000000)
  region size 1024K, 153 young (156672K), 3 survivors (3072K)
 Metaspace       used 75214K, committed 76544K, reserved 458752K
  class space    used 10287K, committed 10944K, reserved 327680K
}
Event: 250.963 GC heap after
{Heap after GC invocations=62 (full 0):
 garbage-first heap   total 262144K, used 88637K [0x00000000e0000000, 0x0000000100000000)
  region size 1024K, 18 young (18432K), 18 survivors (18432K)
 Metaspace       used 75214K, committed 76544K, reserved 458752K
  class space    used 10287K, committed 10944K, reserved 327680K
}
Event: 260.835 GC heap before
{Heap before GC invocations=62 (full 0):
 garbage-first heap   total 262144K, used 227901K [0x00000000e0000000, 0x0000000100000000)
  region size 1024K, 153 young (156672K), 18 survivors (18432K)
 Metaspace       used 89206K, committed 90944K, reserved 458752K
  class space    used 11936K, committed 12800K, reserved 327680K
}
Event: 260.948 GC heap after
{Heap after GC invocations=63 (full 0):
 garbage-first heap   total 262144K, used 90112K [0x00000000e0000000, 0x0000000100000000)
  region size 1024K, 9 young (9216K), 9 survivors (9216K)
 Metaspace       used 89206K, committed 90944K, reserved 458752K
  class space    used 11936K, committed 12800K, reserved 327680K
}
Event: 267.287 GC heap before
{Heap before GC invocations=63 (full 0):
 garbage-first heap   total 262144K, used 187392K [0x00000000e0000000, 0x0000000100000000)
  region size 1024K, 105 young (107520K), 9 survivors (9216K)
 Metaspace       used 98837K, committed 100608K, reserved 458752K
  class space    used 13028K, committed 13952K, reserved 327680K
}
Event: 267.339 GC heap after
{Heap after GC invocations=64 (full 0):
 garbage-first heap   total 262144K, used 96256K [0x00000000e0000000, 0x0000000100000000)
  region size 1024K, 15 young (15360K), 15 survivors (15360K)
 Metaspace       used 98837K, committed 100608K, reserved 458752K
  class space    used 13028K, committed 13952K, reserved 327680K
}
Event: 276.700 GC heap before
{Heap before GC invocations=65 (full 0):
 garbage-first heap   total 262144K, used 229376K [0x00000000e0000000, 0x0000000100000000)
  region size 1024K, 145 young (148480K), 15 survivors (15360K)
 Metaspace       used 114038K, committed 116032K, reserved 458752K
  class space    used 14808K, committed 15808K, reserved 327680K
}
Event: 276.775 GC heap after
{Heap after GC invocations=66 (full 0):
 garbage-first heap   total 262144K, used 103936K [0x00000000e0000000, 0x0000000100000000)
  region size 1024K, 15 young (15360K), 15 survivors (15360K)
 Metaspace       used 114038K, committed 116032K, reserved 458752K
  class space    used 14808K, committed 15808K, reserved 327680K
}
Event: 291.986 GC heap before
{Heap before GC invocations=66 (full 0):
 garbage-first heap   total 262144K, used 229888K [0x00000000e0000000, 0x0000000100000000)
  region size 1024K, 139 young (142336K), 15 survivors (15360K)
 Metaspace       used 127882K, committed 129984K, reserved 458752K
  class space    used 16602K, committed 17664K, reserved 327680K
}
Event: 292.043 GC heap after
{Heap after GC invocations=67 (full 0):
 garbage-first heap   total 262144K, used 101376K [0x00000000e0000000, 0x0000000100000000)
  region size 1024K, 9 young (9216K), 9 survivors (9216K)
 Metaspace       used 127882K, committed 129984K, reserved 458752K
  class space    used 16602K, committed 17664K, reserved 327680K
}
Event: 323.895 GC heap before
{Heap before GC invocations=67 (full 0):
 garbage-first heap   total 262144K, used 234496K [0x00000000e0000000, 0x0000000100000000)
  region size 1024K, 137 young (140288K), 9 survivors (9216K)
 Metaspace       used 130699K, committed 132800K, reserved 458752K
  class space    used 16867K, committed 17920K, reserved 327680K
}
Event: 323.945 GC heap after
{Heap after GC invocations=68 (full 0):
 garbage-first heap   total 262144K, used 108544K [0x00000000e0000000, 0x0000000100000000)
  region size 1024K, 14 young (14336K), 14 survivors (14336K)
 Metaspace       used 130699K, committed 132800K, reserved 458752K
  class space    used 16867K, committed 17920K, reserved 327680K
}

